Determining if the pthread_create exist failed with the following output:
Change Dir: /media/ankurrc/new_volume/usl/drivable_area_project/catkin_ws/build/CMakeFiles/CMakeTmp

Run Build Command:"/usr/bin/make" "cmTC_b23ac/fast"
/usr/bin/make -f CMakeFiles/cmTC_b23ac.dir/build.make CMakeFiles/cmTC_b23ac.dir/build
make[1]: Entering directory '/media/ankurrc/new_volume/usl/drivable_area_project/catkin_ws/build/CMakeFiles/CMakeTmp'
Building C object CMakeFiles/cmTC_b23ac.dir/CheckSymbolExists.c.o
/usr/bin/cc    -o CMakeFiles/cmTC_b23ac.dir/CheckSymbolExists.c.o   -c /media/ankurrc/new_volume/usl/drivable_area_project/catkin_ws/build/CMakeFiles/CMakeTmp/CheckSymbolExists.c
Linking C executable cmTC_b23ac
/home/ankurrc/cmake_install/bin/cmake -E cmake_link_script CMakeFiles/cmTC_b23ac.dir/link.txt --verbose=1
/usr/bin/cc      -rdynamic CMakeFiles/cmTC_b23ac.dir/CheckSymbolExists.c.o  -o cmTC_b23ac 
CMakeFiles/cmTC_b23ac.dir/CheckSymbolExists.c.o: In function `main':
CheckSymbolExists.c:(.text+0x16): undefined reference to `pthread_create'
collect2: error: ld returned 1 exit status
CMakeFiles/cmTC_b23ac.dir/build.make:86: recipe for target 'cmTC_b23ac' failed
make[1]: *** [cmTC_b23ac] Error 1
make[1]: Leaving directory '/media/ankurrc/new_volume/usl/drivable_area_project/catkin_ws/build/CMakeFiles/CMakeTmp'
Makefile:121: recipe for target 'cmTC_b23ac/fast' failed
make: *** [cmTC_b23ac/fast] Error 2

File /media/ankurrc/new_volume/usl/drivable_area_project/catkin_ws/build/CMakeFiles/CMakeTmp/CheckSymbolExists.c:
/* */
#include <pthread.h>

int main(int argc, char** argv)
{
  (void)argv;
#ifndef pthread_create
  return ((int*)(&pthread_create))[argc];
#else
  (void)argc;
  return 0;
#endif
}

Determining if the function pthread_create exists in the pthreads failed with the following output:
Change Dir: /media/ankurrc/new_volume/usl/drivable_area_project/catkin_ws/build/CMakeFiles/CMakeTmp

Run Build Command:"/usr/bin/make" "cmTC_488fe/fast"
/usr/bin/make -f CMakeFiles/cmTC_488fe.dir/build.make CMakeFiles/cmTC_488fe.dir/build
make[1]: Entering directory '/media/ankurrc/new_volume/usl/drivable_area_project/catkin_ws/build/CMakeFiles/CMakeTmp'
Building C object CMakeFiles/cmTC_488fe.dir/CheckFunctionExists.c.o
/usr/bin/cc   -DCHECK_FUNCTION_EXISTS=pthread_create   -o CMakeFiles/cmTC_488fe.dir/CheckFunctionExists.c.o   -c /home/ankurrc/cmake_install/share/cmake-3.12/Modules/CheckFunctionExists.c
Linking C executable cmTC_488fe
/home/ankurrc/cmake_install/bin/cmake -E cmake_link_script CMakeFiles/cmTC_488fe.dir/link.txt --verbose=1
/usr/bin/cc  -DCHECK_FUNCTION_EXISTS=pthread_create    -rdynamic CMakeFiles/cmTC_488fe.dir/CheckFunctionExists.c.o  -o cmTC_488fe -lpthreads 
/usr/bin/ld: cannot find -lpthreads
collect2: error: ld returned 1 exit status
CMakeFiles/cmTC_488fe.dir/build.make:86: recipe for target 'cmTC_488fe' failed
make[1]: *** [cmTC_488fe] Error 1
make[1]: Leaving directory '/media/ankurrc/new_volume/usl/drivable_area_project/catkin_ws/build/CMakeFiles/CMakeTmp'
Makefile:121: recipe for target 'cmTC_488fe/fast' failed
make: *** [cmTC_488fe/fast] Error 2


